<?xml version="1.0" encoding="UTF-8"?>
<!-- Generated by org.testng.reporters.JUnitReportReporter -->
<testsuite hostname="LAPTOP-11LSB23B" name="org.qsp.test_Ng.Test_NgProg" tests="2" failures="0" timestamp="24 Jul 2020 18:38:03 GMT" time="34.455" errors="0">
  <testcase name="m1" time="34.452" classname="org.qsp.test_Ng.Test_NgProg"/>
  <testcase name="m2" time="0.003" classname="org.qsp.test_Ng.Test_NgProg"/>
</testsuite> <!-- org.qsp.test_Ng.Test_NgProg -->
