<?xml version="1.0" encoding="UTF-8"?>
<!-- Generated by org.testng.reporters.JUnitReportReporter -->
<testsuite hostname="LAPTOP-11LSB23B" name="org.qsp.test_Ng.Parallel_browserpro" tests="2" failures="0" timestamp="3 Aug 2020 17:49:55 GMT" time="110.287" errors="0">
  <testcase name="m" time="66.546" classname="org.qsp.test_Ng.Parallel_browserpro"/>
  <testcase name="m" time="43.741" classname="org.qsp.test_Ng.Parallel_browserpro"/>
</testsuite> <!-- org.qsp.test_Ng.Parallel_browserpro -->
