<?xml version="1.0" encoding="UTF-8"?>
<!-- Generated by org.testng.reporters.JUnitReportReporter -->
<testsuite hostname="LAPTOP-11LSB23B" name="org.qsp.testpom.Googledemp" tests="2" failures="0" timestamp="28 Jul 2020 17:01:19 GMT" time="48.843" errors="0">
  <testcase name="googleM2" time="26.089" classname="org.qsp.testpom.Googledemp"/>
  <testcase name="googleM1" time="22.754" classname="org.qsp.testpom.Googledemp"/>
</testsuite> <!-- org.qsp.testpom.Googledemp -->
