<?xml version="1.0" encoding="UTF-8"?>
<!-- Generated by org.testng.reporters.JUnitReportReporter -->
<testsuite hostname="LAPTOP-11LSB23B" name="org.qsp.test_Ng.Parallel_1" tests="2" failures="0" timestamp="1 Aug 2020 17:08:54 GMT" time="84.089" errors="0">
  <testcase name="m1" time="41.985" classname="org.qsp.test_Ng.Parallel_1"/>
  <testcase name="m2" time="42.104" classname="org.qsp.test_Ng.Parallel_1"/>
</testsuite> <!-- org.qsp.test_Ng.Parallel_1 -->
