<?xml version="1.0" encoding="UTF-8"?>
<!-- Generated by org.testng.reporters.JUnitReportReporter -->
<testsuite hostname="LAPTOP-11LSB23B" name="org.qsp.test_Ng.Readatafromxl" tests="4" failures="0" timestamp="30 Jul 2020 18:21:34 GMT" time="0.025" errors="0">
  <testcase name="m1" time="0.016" classname="org.qsp.test_Ng.Readatafromxl"/>
  <testcase name="m1" time="0.002" classname="org.qsp.test_Ng.Readatafromxl"/>
  <testcase name="m1" time="0.003" classname="org.qsp.test_Ng.Readatafromxl"/>
  <testcase name="m1" time="0.004" classname="org.qsp.test_Ng.Readatafromxl"/>
</testsuite> <!-- org.qsp.test_Ng.Readatafromxl -->
