<?xml version="1.0" encoding="UTF-8"?>
<!-- Generated by org.testng.reporters.JUnitReportReporter -->
<testsuite hostname="LAPTOP-11LSB23B" name="org.qsp.firebox.Firebox_demo" tests="1" failures="0" timestamp="1 Aug 2020 16:57:29 GMT" time="43.856" errors="0">
  <testcase name="demo" time="43.856" classname="org.qsp.firebox.Firebox_demo"/>
</testsuite> <!-- org.qsp.firebox.Firebox_demo -->
