<?xml version="1.0" encoding="UTF-8"?>
<!-- Generated by org.testng.reporters.JUnitReportReporter -->
<testsuite hostname="LAPTOP-11LSB23B" name="org.qsp.test_Ng.Demo2" tests="2" failures="0" timestamp="28 Jul 2020 17:54:54 GMT" time="0.025" errors="0">
  <testcase name="ml" time="0.003" classname="org.qsp.test_Ng.Demo2"/>
  <testcase name="m3" time="0.022" classname="org.qsp.test_Ng.Demo2"/>
</testsuite> <!-- org.qsp.test_Ng.Demo2 -->
