<?xml version="1.0" encoding="UTF-8"?>
<!-- Generated by org.testng.reporters.JUnitReportReporter -->
<testsuite hostname="LAPTOP-11LSB23B" name="org.qsp.test_Ng.LIstner_prog" tests="1" failures="0" timestamp="29 Jul 2020 18:29:35 GMT" time="0.045" errors="0">
  <testcase name="demo" time="0.045" classname="org.qsp.test_Ng.LIstner_prog"/>
</testsuite> <!-- org.qsp.test_Ng.LIstner_prog -->
