<?xml version="1.0" encoding="UTF-8"?>
<!-- Generated by org.testng.reporters.JUnitReportReporter -->
<testsuite hostname="LAPTOP-11LSB23B" name="org.qsp.test_Ng.Testingft_it" tests="6" failures="0" timestamp="28 Jul 2020 18:21:52 GMT" time="0.041" errors="0">
  <testcase name="m2" time="0.003" classname="org.qsp.test_Ng.Testingft_it"/>
  <testcase name="ml" time="0.003" classname="org.qsp.test_Ng.Testingft_it"/>
  <testcase name="m4" time="0.006" classname="org.qsp.test_Ng.Testingft_it"/>
  <testcase name="m5" time="0.002" classname="org.qsp.test_Ng.Testingft_it"/>
  <testcase name="m6" time="0.008" classname="org.qsp.test_Ng.Testingft_it"/>
  <testcase name="m3" time="0.019" classname="org.qsp.test_Ng.Testingft_it"/>
</testsuite> <!-- org.qsp.test_Ng.Testingft_it -->
